<?xml version="1.0" encoding="UTF-8"?>
<!-- Generated by org.testng.reporters.JUnitXMLReporter -->
<testsuite ignored="0" hostname="DESKTOP-0NKFM5Q" failures="1" tests="1" name="Test" time="23.133" errors="0" timestamp="2022-03-25T16:32:58 IST">
  <testcase classname="awsdemo.QuickPay" name="test" time="0.848">
    <failure type="org.openqa.selenium.NoSuchElementException" message="An element could not be located on the page using the given search parameters.
For documentation on this error, please visit: https://www.seleniumhq.org/exceptions/no_such_element.html
Build info: version: &amp;apos;3.141.59&amp;apos;, revision: &amp;apos;e82be7d358&amp;apos;, time: &amp;apos;2018-11-14T08:17:03&amp;apos;
System info: host: &amp;apos;DESKTOP-0NKFM5Q&amp;apos;, ip: &amp;apos;172.31.32.1&amp;apos;, os.name: &amp;apos;Windows 10&amp;apos;, os.arch: &amp;apos;amd64&amp;apos;, os.version: &amp;apos;10.0&amp;apos;, java.version: &amp;apos;17&amp;apos;
Driver info: io.appium.java_client.AppiumDriver
Capabilities {app: C:\Users\LENOVO\eclipse-wor..., appActivity: com.spentra.activities.star..., appPackage: com.spentra, autoGrantPermissions: true, automationName: UiAutomator2, databaseEnabled: false, desired: {app: C:\Users\LENOVO\eclipse-wor..., appActivity: com.spentra.activities.star..., appPackage: com.spentra, autoGrantPermissions: true, automationName: UiAutomator2, deviceName: Galaxy s10 Lite, noReset: true, platformName: android, platformVersion: 11.0}, deviceApiLevel: 30, deviceManufacturer: samsung, deviceModel: SM-G770F, deviceName: RF8N21GFXNZ, deviceScreenDensity: 420, deviceScreenSize: 1080x2400, deviceUDID: RF8N21GFXNZ, javascriptEnabled: true, locationContextEnabled: false, networkConnectionEnabled: true, noReset: true, pixelRatio: 2.625, platform: LINUX, platformName: LINUX, platformVersion: 11, statBarHeight: 90, takesScreenshot: true, viewportRect: {height: 2091, left: 0, top: 90, width: 1080}, warnings: {}, webStorageEnabled: false}
Session ID: 0a96b323-c821-4ed8-9c14-92ce467fe6f8
*** Element info: {Using=id, value=com.spentra:id/btn1}">
      <![CDATA[org.openqa.selenium.NoSuchElementException: An element could not be located on the page using the given search parameters.
For documentation on this error, please visit: https://www.seleniumhq.org/exceptions/no_such_element.html
Build info: version: '3.141.59', revision: 'e82be7d358', time: '2018-11-14T08:17:03'
System info: host: 'DESKTOP-0NKFM5Q', ip: '172.31.32.1', os.name: 'Windows 10', os.arch: 'amd64', os.version: '10.0', java.version: '17'
Driver info: io.appium.java_client.AppiumDriver
Capabilities {app: C:\Users\LENOVO\eclipse-wor..., appActivity: com.spentra.activities.star..., appPackage: com.spentra, autoGrantPermissions: true, automationName: UiAutomator2, databaseEnabled: false, desired: {app: C:\Users\LENOVO\eclipse-wor..., appActivity: com.spentra.activities.star..., appPackage: com.spentra, autoGrantPermissions: true, automationName: UiAutomator2, deviceName: Galaxy s10 Lite, noReset: true, platformName: android, platformVersion: 11.0}, deviceApiLevel: 30, deviceManufacturer: samsung, deviceModel: SM-G770F, deviceName: RF8N21GFXNZ, deviceScreenDensity: 420, deviceScreenSize: 1080x2400, deviceUDID: RF8N21GFXNZ, javascriptEnabled: true, locationContextEnabled: false, networkConnectionEnabled: true, noReset: true, pixelRatio: 2.625, platform: LINUX, platformName: LINUX, platformVersion: 11, statBarHeight: 90, takesScreenshot: true, viewportRect: {height: 2091, left: 0, top: 90, width: 1080}, warnings: {}, webStorageEnabled: false}
Session ID: 0a96b323-c821-4ed8-9c14-92ce467fe6f8
*** Element info: {Using=id, value=com.spentra:id/btn1}
at org.openqa.selenium.remote.http.W3CHttpResponseCodec.createException(W3CHttpResponseCodec.java:187)
at org.openqa.selenium.remote.http.W3CHttpResponseCodec.decode(W3CHttpResponseCodec.java:122)
at org.openqa.selenium.remote.http.W3CHttpResponseCodec.decode(W3CHttpResponseCodec.java:49)
at org.openqa.selenium.remote.HttpCommandExecutor.execute(HttpCommandExecutor.java:158)
at io.appium.java_client.remote.AppiumCommandExecutor.execute(AppiumCommandExecutor.java:239)
at org.openqa.selenium.remote.RemoteWebDriver.execute(RemoteWebDriver.java:552)
at io.appium.java_client.DefaultGenericMobileDriver.execute(DefaultGenericMobileDriver.java:42)
at io.appium.java_client.AppiumDriver.execute(AppiumDriver.java:1)
at org.openqa.selenium.remote.RemoteWebDriver.findElement(RemoteWebDriver.java:323)
at io.appium.java_client.DefaultGenericMobileDriver.findElement(DefaultGenericMobileDriver.java:62)
at io.appium.java_client.AppiumDriver.findElement(AppiumDriver.java:1)
at org.openqa.selenium.remote.RemoteWebDriver.findElementById(RemoteWebDriver.java:372)
at io.appium.java_client.DefaultGenericMobileDriver.findElementById(DefaultGenericMobileDriver.java:70)
at io.appium.java_client.AppiumDriver.findElementById(AppiumDriver.java:1)
at org.openqa.selenium.By$ById.findElement(By.java:188)
at org.openqa.selenium.remote.RemoteWebDriver.findElement(RemoteWebDriver.java:315)
at io.appium.java_client.DefaultGenericMobileDriver.findElement(DefaultGenericMobileDriver.java:58)
at io.appium.java_client.AppiumDriver.findElement(AppiumDriver.java:1)
at awsdemo.QuickPay.test(QuickPay.java:13)
at java.base/java.util.ArrayList.forEach(ArrayList.java:1511)
... Removed 32 stack frames]]>
    </failure>
  </testcase> <!-- test -->
</testsuite> <!-- Test -->
